2021-07-22 15:12:23,068  INFO c.i.i.Poc31ClientManyToManyExcelAndPdfExportApplication:55 - Starting Poc31ClientManyToManyExcelAndPdfExportApplication using Java 15.0.2 on IND-CHN-LT10844 with PID 5836 (D:\Program\Poc_32_Client_EhCashe_Log4j_many_to_manyExcel_and_pdfExport4\target\classes started by DT271 in D:\Program\Poc_32_Client_EhCashe_Log4j_many_to_manyExcel_and_pdfExport4)
 2021-07-22 15:12:23,072  INFO c.i.i.Poc31ClientManyToManyExcelAndPdfExportApplication:675 - No active profile set, falling back to default profiles: default
 2021-07-22 15:12:23,131  INFO o.s.b.d.e.DevToolsPropertyDefaultsPostProcessor:255 - Devtools property defaults active! Set 'spring.devtools.add-properties' to 'false' to disable
 2021-07-22 15:12:23,132  INFO o.s.b.d.e.DevToolsPropertyDefaultsPostProcessor:255 - For additional web related logging consider setting the 'logging.level.web' property to 'DEBUG'
 2021-07-22 15:12:24,177  INFO o.s.d.r.c.RepositoryConfigurationDelegate:128 - Bootstrapping Spring Data JPA repositories in DEFAULT mode.
 2021-07-22 15:12:24,259  INFO o.s.d.r.c.RepositoryConfigurationDelegate:188 - Finished Spring Data repository scanning in 72 ms. Found 2 JPA repository interfaces.
 2021-07-22 15:12:25,061  INFO o.s.b.w.e.t.TomcatWebServer:108 - Tomcat initialized with port(s): 8997 (http)
 2021-07-22 15:12:25,072  INFO o.a.c.c.StandardService:173 - Starting service [Tomcat]
 2021-07-22 15:12:25,073  INFO o.a.c.c.StandardEngine:173 - Starting Servlet engine: [Apache Tomcat/9.0.45]
 2021-07-22 15:12:25,334  INFO o.a.c.c.C.[.[.[/]:173 - Initializing Spring embedded WebApplicationContext
 2021-07-22 15:12:25,334  INFO o.s.b.w.s.c.ServletWebServerApplicationContext:289 - Root WebApplicationContext: initialization completed in 2199 ms
 2021-07-22 15:12:25,557  INFO o.h.j.i.u.LogHelper:31 - HHH000204: Processing PersistenceUnitInfo [name: default]
 2021-07-22 15:12:25,620  INFO o.h.Version:44 - HHH000412: Hibernate ORM core version 5.4.30.Final
 2021-07-22 15:12:25,767  INFO o.h.a.c.Version:56 - HCANN000001: Hibernate Commons Annotations {5.1.2.Final}
 2021-07-22 15:12:25,891  INFO c.z.h.HikariDataSource:110 - HikariPool-1 - Starting...
 2021-07-22 15:12:26,299  INFO c.z.h.HikariDataSource:123 - HikariPool-1 - Start completed.
 2021-07-22 15:12:26,332  INFO o.h.d.Dialect:175 - HHH000400: Using dialect: org.hibernate.dialect.MySQL8Dialect
 2021-07-22 15:12:27,267  INFO o.h.e.t.j.p.i.JtaPlatformInitiator:52 - HHH000490: Using JtaPlatform implementation: [org.hibernate.engine.transaction.jta.platform.internal.NoJtaPlatform]
 2021-07-22 15:12:27,278  INFO o.s.o.j.LocalContainerEntityManagerFactoryBean:437 - Initialized JPA EntityManagerFactory for persistence unit 'default'
 2021-07-22 15:12:27,322  INFO o.s.b.d.a.OptionalLiveReloadServer:58 - LiveReload server is running on port 35729
 2021-07-22 15:12:27,881  WARN o.s.b.a.o.j.JpaBaseConfiguration$JpaWebConfiguration:221 - spring.jpa.open-in-view is enabled by default. Therefore, database queries may be performed during view rendering. Explicitly configure spring.jpa.open-in-view to disable this warning
 2021-07-22 15:12:28,056  INFO s.d.s.w.PropertySourcedRequestMappingHandlerMapping:69 - Mapped URL path [/v2/api-docs] onto method [springfox.documentation.swagger2.web.Swagger2Controller#getDocumentation(String, HttpServletRequest)]
 2021-07-22 15:12:28,156  INFO o.s.s.c.ThreadPoolTaskExecutor:181 - Initializing ExecutorService 'applicationTaskExecutor'
 2021-07-22 15:12:28,482  INFO o.s.b.w.e.t.TomcatWebServer:220 - Tomcat started on port(s): 8997 (http) with context path ''
 2021-07-22 15:12:28,483  INFO s.d.s.w.p.DocumentationPluginsBootstrapper:160 - Context refreshed
 2021-07-22 15:12:28,522  INFO s.d.s.w.p.DocumentationPluginsBootstrapper:163 - Found 1 custom documentation plugin(s)
 2021-07-22 15:12:28,556  INFO s.d.s.w.s.ApiListingReferenceScanner:41 - Scanning for api listing references
 2021-07-22 15:12:28,835  INFO s.d.s.w.r.o.CachingOperationNameGenerator:40 - Generating unique operation named: SaveDataUsingPOST_1
 2021-07-22 15:12:28,838  INFO s.d.s.w.r.o.CachingOperationNameGenerator:40 - Generating unique operation named: deleteUsingDELETE_1
 2021-07-22 15:12:28,843  INFO s.d.s.w.r.o.CachingOperationNameGenerator:40 - Generating unique operation named: getAllUsingGET_1
 2021-07-22 15:12:28,846  INFO s.d.s.w.r.o.CachingOperationNameGenerator:40 - Generating unique operation named: updateUsingPUT_1
 2021-07-22 15:12:28,869  INFO c.i.i.Poc31ClientManyToManyExcelAndPdfExportApplication:61 - Started Poc31ClientManyToManyExcelAndPdfExportApplication in 6.242 seconds (JVM running for 7.556)
 2021-07-22 15:12:46,367  INFO o.a.c.c.C.[.[.[/]:173 - Initializing Spring DispatcherServlet 'dispatcherServlet'
 2021-07-22 15:12:46,369  INFO o.s.w.s.DispatcherServlet:525 - Initializing Servlet 'dispatcherServlet'
 2021-07-22 15:12:46,372  INFO o.s.w.s.DispatcherServlet:547 - Completed initialization in 2 ms
 2021-07-22 15:13:31,503  INFO o.s.b.a.SpringApplicationAdminMXBeanRegistrar$SpringApplicationAdmin:159 - Application shutdown requested.
 2021-07-22 15:13:31,534  INFO o.s.s.c.ThreadPoolTaskExecutor:218 - Shutting down ExecutorService 'applicationTaskExecutor'
 2021-07-22 15:13:31,539  INFO o.s.o.j.LocalContainerEntityManagerFactoryBean:651 - Closing JPA EntityManagerFactory for persistence unit 'default'
 2021-07-22 15:13:31,543  INFO c.z.h.HikariDataSource:350 - HikariPool-1 - Shutdown initiated...
 2021-07-22 15:13:31,554  INFO c.z.h.HikariDataSource:352 - HikariPool-1 - Shutdown completed.
 